 ERmod 0.3.7, Copyright (C) 2000-2019 Nobuyuki Matubayasi
                            2010-2019 Shun Sakuraba
 ERmod comes with ABSOLUTELY NO WARRANTY.
 This is free software, and you can redistribute it
 and/or modify it under certain conditions.
 See LICENSE file for details.
Opening: "../../02_genesis_md/host_in_water/run.dcd"...
  Trying plugin "CHARMM,NAMD,XPLOR DCD Trajectory"...dcdplugin) detected standard 32-bit DCD file of native endianness
dcdplugin) CHARMM format DCD file (also NAMD 2.1 and later)
OK
 
================================================================================
 
                Conditional Solvation Free Energy Calculation
 
================================================================================
 
 
>> Input section parameters
fxyz     = ../../03_reaction_coord/02_xyz/refbcd.xyz
fdxs     = ../../03_reaction_coord/03_sdf/sdf.dx
fprmtop      = ../../01_amber_setup/host-guest_in_water_for_insertion/hg_in_water_for_ins.prmtop
 
>> Output section parameters
fhead     = out
 
>> Trajopt section parameters
dt          =   0.0000000E+00
molinfo     = ../../03_reaction_coord/01_spec/guest_ins.spec
molinfo     = ../../03_reaction_coord/01_spec/guest_fit.spec
molinfo     = ../../03_reaction_coord/01_spec/host_fit.spec
molinfo     = ../../03_reaction_coord/01_spec/guest_uij.spec
molinfo     = ../../03_reaction_coord/01_spec/host_uij.spec
 
>> Option section parameters
ndim             = 1
nstate           = 1
reac_coords      = ENERGY  ENERGY
pbc              = .false.
use_sdf          = .true. 
project_rpl      = .false.
rljcut           =         9.0000000000
relcut           =     0.1000000000E+11
grid_resolution  = 1
box              =         0.0000000000        0.0000000000        0.0000000000
box_shrink       =        20.0000000000       20.0000000000       20.0000000000
sdf_threshold    =         0.0000100000
uid_fit          = 2
vid_fit          = 3
uid_ins          = 1
 
>> Energy_Param1 parameters
uid           = 4
vid           = 5
calc_vdw      = .true. 
calc_elec     = .false.
separate_comp = .false.
vdw           = ATTRACTIVE
umin          =     -38.8630197
umax          =      -9.3507904
 
Get_CoM>
 # of molecules = 1
 
Get_CoM>
 # of molecules = 1
 
Get_CoM>
 # of molecules = 1
 
Get_CoM>
 # of molecules = 1
 
Get_CoM>
 # of molecules = 1
Opening: "../../02_genesis_md/guest_in_gas/run.dcd"...
  Trying plugin "CHARMM,NAMD,XPLOR DCD Trajectory"...dcdplugin) detected standard 32-bit DCD file of native endianness
dcdplugin) CHARMM format DCD file (also NAMD 2.1 and later)
OK
Opening: "../../02_genesis_md/guest_in_gas/run.dcd"...
  Trying plugin "CHARMM,NAMD,XPLOR DCD Trajectory"...dcdplugin) detected standard 32-bit DCD file of native endianness
dcdplugin) CHARMM format DCD file (also NAMD 2.1 and later)
OK
Opening: "../../02_genesis_md/guest_in_gas/run.dcd"...
  Trying plugin "CHARMM,NAMD,XPLOR DCD Trajectory"...dcdplugin) detected standard 32-bit DCD file of native endianness
dcdplugin) CHARMM format DCD file (also NAMD 2.1 and later)
OK
