This file contains any messages produced by compilers while
running configure, to aid debugging if configure makes a mistake.

It was created by ermod configure 1.0.4, which was
generated by GNU Autoconf 2.69.  Invocation command line was

  $ ./configure --with-mkl --prefix=/home/kasa/data6/wrk/bcd-bfe/package_dev/ermod-1.0.4_anatra/eror-bfe/packages/eror/intel

## --------- ##
## Platform. ##
## --------- ##

hostname = avalon
uname -m = x86_64
uname -r = 4.18.0-348.2.1.el8_5.x86_64
uname -s = Linux
uname -v = #1 SMP Mon Nov 15 20:49:28 UTC 2021

/usr/bin/uname -p = x86_64
/bin/uname -X     = unknown

/bin/arch              = x86_64
/usr/bin/arch -k       = unknown
/usr/convex/getsysinfo = unknown
/usr/bin/hostinfo      = unknown
/bin/machine           = unknown
/usr/bin/oslevel       = unknown
/bin/universe          = unknown

PATH: /home/kasa/bin
PATH: /data2/kasa/packages/texlive/2022/bin/x86_64-linux
PATH: /data2/kasa/usr/local/bin
PATH: /home/kasa/data2/packages/amber/amber22/bin
PATH: /data2/kasa/packages/amber/amber18/bin
PATH: /home/kasa/data/packages/lapack/3.10.0/lapack-3.10.0
PATH: /home/kasa/.local/bin
PATH: /home/kasa/bin
PATH: /opt/intel/oneapi/mpi/2021.2.0/libfabric/bin
PATH: /opt/intel/oneapi/mpi/2021.2.0/bin
PATH: /opt/intel/oneapi/compiler/2021.2.0/linux/bin/intel64
PATH: /opt/intel/oneapi/compiler/2021.2.0/linux/bin
PATH: /opt/intel/oneapi/compiler/2021.2.0/linux/ioc/bin
PATH: /opt/intel/oneapi/debugger/10.1.1/gdb/intel64/bin
PATH: /usr/share/Modules/bin
PATH: /usr/local/bin
PATH: /usr/bin
PATH: /usr/local/sbin
PATH: /usr/sbin
PATH: /opt/pbs/bin
PATH: /data2/gauopen
PATH: /data2/g16/bsd
PATH: /data2/g16
PATH: /data2/APPLI/packages/pbsutil/bin
PATH: /data2/kasa/packages/vmd/bin
PATH: /data2/kasa/packages/GitHub/erutil/bin
PATH: /data3/kasa/wrk/tmu/vmd_scripts/anatra/bin


## ----------- ##
## Core tests. ##
## ----------- ##

configure:2054: checking for a BSD-compatible install
configure:2122: result: /usr/bin/install -c
configure:2133: checking whether build environment is sane
configure:2188: result: yes
configure:2339: checking for a thread-safe mkdir -p
configure:2378: result: /usr/bin/mkdir -p
configure:2385: checking for gawk
configure:2401: found /usr/bin/gawk
configure:2412: result: gawk
configure:2423: checking whether make sets $(MAKE)
configure:2445: result: yes
configure:2474: checking whether make supports nested variables
configure:2491: result: yes
configure:2635: checking for mpiifx
configure:2663: result: no
configure:2681: checking whether make supports the include directive
configure:2696: make -f confmf.GNU && cat confinc.out
this is the am__doit target
configure:2699: $? = 0
configure:2718: result: yes (GNU style)
configure:2788: checking for gcc
configure:2804: found /usr/bin/gcc
configure:2815: result: gcc
configure:3044: checking for C compiler version
configure:3053: gcc --version >&5
gcc (GCC) 8.5.0 20210514 (Red Hat 8.5.0-4)
Copyright (C) 2018 Free Software Foundation, Inc.
This is free software; see the source for copying conditions.  There is NO
warranty; not even for MERCHANTABILITY or FITNESS FOR A PARTICULAR PURPOSE.

configure:3064: $? = 0
configure:3053: gcc -v >&5
Using built-in specs.
COLLECT_GCC=gcc
COLLECT_LTO_WRAPPER=/usr/libexec/gcc/x86_64-redhat-linux/8/lto-wrapper
OFFLOAD_TARGET_NAMES=nvptx-none
OFFLOAD_TARGET_DEFAULT=1
Target: x86_64-redhat-linux
Configured with: ../configure --enable-bootstrap --enable-languages=c,c++,fortran,lto --prefix=/usr --mandir=/usr/share/man --infodir=/usr/share/info --with-bugurl=http://bugzilla.redhat.com/bugzilla --enable-shared --enable-threads=posix --enable-checking=release --enable-multilib --with-system-zlib --enable-__cxa_atexit --disable-libunwind-exceptions --enable-gnu-unique-object --enable-linker-build-id --with-gcc-major-version-only --with-linker-hash-style=gnu --enable-plugin --enable-initfini-array --with-isl --disable-libmpx --enable-offload-targets=nvptx-none --without-cuda-driver --enable-gnu-indirect-function --enable-cet --with-tune=generic --with-arch_32=x86-64 --build=x86_64-redhat-linux
Thread model: posix
gcc version 8.5.0 20210514 (Red Hat 8.5.0-4) (GCC) 
configure:3064: $? = 0
configure:3053: gcc -V >&5
gcc: error: unrecognized command line option '-V'
gcc: fatal error: no input files
compilation terminated.
configure:3064: $? = 1
configure:3053: gcc -qversion >&5
gcc: error: unrecognized command line option '-qversion'; did you mean '--version'?
gcc: fatal error: no input files
compilation terminated.
configure:3064: $? = 1
configure:3084: checking whether the C compiler works
configure:3106: gcc    conftest.c  >&5
configure:3110: $? = 0
configure:3158: result: yes
configure:3161: checking for C compiler default output file name
configure:3163: result: a.out
configure:3169: checking for suffix of executables
configure:3176: gcc -o conftest    conftest.c  >&5
configure:3180: $? = 0
configure:3202: result: 
configure:3224: checking whether we are cross compiling
configure:3232: gcc -o conftest    conftest.c  >&5
configure:3236: $? = 0
configure:3243: ./conftest
configure:3247: $? = 0
configure:3262: result: no
configure:3267: checking for suffix of object files
configure:3289: gcc -c   conftest.c >&5
configure:3293: $? = 0
configure:3314: result: o
configure:3318: checking whether we are using the GNU C compiler
configure:3337: gcc -c   conftest.c >&5
configure:3337: $? = 0
configure:3346: result: yes
configure:3355: checking whether gcc accepts -g
configure:3375: gcc -c -g  conftest.c >&5
configure:3375: $? = 0
configure:3416: result: yes
configure:3433: checking for gcc option to accept ISO C89
configure:3496: gcc  -c -g -O2  conftest.c >&5
configure:3496: $? = 0
configure:3509: result: none needed
configure:3534: checking whether gcc understands -c and -o together
configure:3556: gcc -c conftest.c -o conftest2.o
configure:3559: $? = 0
configure:3556: gcc -c conftest.c -o conftest2.o
configure:3559: $? = 0
configure:3571: result: yes
configure:3590: checking dependency style of gcc
configure:3701: result: gcc3
configure:3721: checking how to run the C preprocessor
configure:3752: gcc -E  conftest.c
configure:3752: $? = 0
configure:3766: gcc -E  conftest.c
conftest.c:11:10: fatal error: ac_nonexistent.h: No such file or directory
 #include <ac_nonexistent.h>
          ^~~~~~~~~~~~~~~~~~
compilation terminated.
configure:3766: $? = 1
configure: failed program was:
| /* confdefs.h */
| #define PACKAGE_NAME "ermod"
| #define PACKAGE_TARNAME "ermod"
| #define PACKAGE_VERSION "1.0.4"
| #define PACKAGE_STRING "ermod 1.0.4"
| #define PACKAGE_BUGREPORT "Matubayasi Laboratory"
| #define PACKAGE_URL ""
| #define PACKAGE "ermod"
| #define VERSION "1.0.4"
| /* end confdefs.h.  */
| #include <ac_nonexistent.h>
configure:3791: result: gcc -E
configure:3811: gcc -E  conftest.c
configure:3811: $? = 0
configure:3825: gcc -E  conftest.c
conftest.c:11:10: fatal error: ac_nonexistent.h: No such file or directory
 #include <ac_nonexistent.h>
          ^~~~~~~~~~~~~~~~~~
compilation terminated.
configure:3825: $? = 1
configure: failed program was:
| /* confdefs.h */
| #define PACKAGE_NAME "ermod"
| #define PACKAGE_TARNAME "ermod"
| #define PACKAGE_VERSION "1.0.4"
| #define PACKAGE_STRING "ermod 1.0.4"
| #define PACKAGE_BUGREPORT "Matubayasi Laboratory"
| #define PACKAGE_URL ""
| #define PACKAGE "ermod"
| #define VERSION "1.0.4"
| /* end confdefs.h.  */
| #include <ac_nonexistent.h>
configure:3965: checking for C compiler version
configure:3974: gcc --version >&5
gcc (GCC) 8.5.0 20210514 (Red Hat 8.5.0-4)
Copyright (C) 2018 Free Software Foundation, Inc.
This is free software; see the source for copying conditions.  There is NO
warranty; not even for MERCHANTABILITY or FITNESS FOR A PARTICULAR PURPOSE.

configure:3985: $? = 0
configure:3974: gcc -v >&5
Using built-in specs.
COLLECT_GCC=gcc
COLLECT_LTO_WRAPPER=/usr/libexec/gcc/x86_64-redhat-linux/8/lto-wrapper
OFFLOAD_TARGET_NAMES=nvptx-none
OFFLOAD_TARGET_DEFAULT=1
Target: x86_64-redhat-linux
Configured with: ../configure --enable-bootstrap --enable-languages=c,c++,fortran,lto --prefix=/usr --mandir=/usr/share/man --infodir=/usr/share/info --with-bugurl=http://bugzilla.redhat.com/bugzilla --enable-shared --enable-threads=posix --enable-checking=release --enable-multilib --with-system-zlib --enable-__cxa_atexit --disable-libunwind-exceptions --enable-gnu-unique-object --enable-linker-build-id --with-gcc-major-version-only --with-linker-hash-style=gnu --enable-plugin --enable-initfini-array --with-isl --disable-libmpx --enable-offload-targets=nvptx-none --without-cuda-driver --enable-gnu-indirect-function --enable-cet --with-tune=generic --with-arch_32=x86-64 --build=x86_64-redhat-linux
Thread model: posix
gcc version 8.5.0 20210514 (Red Hat 8.5.0-4) (GCC) 
configure:3985: $? = 0
configure:3974: gcc -V >&5
gcc: error: unrecognized command line option '-V'
gcc: fatal error: no input files
compilation terminated.
configure:3985: $? = 1
configure:3974: gcc -qversion >&5
gcc: error: unrecognized command line option '-qversion'; did you mean '--version'?
gcc: fatal error: no input files
compilation terminated.
configure:3985: $? = 1
configure:3989: checking whether we are using the GNU C compiler
configure:4017: result: yes
configure:4026: checking whether gcc accepts -g
configure:4087: result: yes
configure:4104: checking for gcc option to accept ISO C89
configure:4180: result: none needed
configure:4205: checking whether gcc understands -c and -o together
configure:4242: result: yes
configure:4261: checking dependency style of gcc
configure:4372: result: gcc3
configure:4388: checking whether gcc and cc understand -c and -o together
configure:4419: gcc -c conftest.c -o conftest2.o >&5
configure:4423: $? = 0
configure:4429: gcc -c conftest.c -o conftest2.o >&5
configure:4433: $? = 0
configure:4444: cc -c conftest.c >&5
configure:4448: $? = 0
configure:4456: cc -c conftest.c -o conftest2.o >&5
configure:4460: $? = 0
configure:4466: cc -c conftest.c -o conftest2.o >&5
configure:4470: $? = 0
configure:4488: result: yes
configure:4555: checking for ifort
configure:4571: found /opt/intel/oneapi/compiler/2021.2.0/linux/bin/intel64/ifort
configure:4582: result: ifort
configure:4608: checking for Fortran compiler version
configure:4617: ifort --version >&5
ifort (IFORT) 2021.2.0 20210228
Copyright (C) 1985-2021 Intel Corporation.  All rights reserved.

configure:4628: $? = 0
configure:4617: ifort -v >&5
ifort version 2021.2.0
configure:4628: $? = 0
configure:4617: ifort -V >&5
Intel(R) Fortran Intel(R) 64 Compiler Classic for applications running on Intel(R) 64, Version 2021.2.0 Build 20210228_000000
Copyright (C) 1985-2021 Intel Corporation.  All rights reserved.

configure:4628: $? = 0
configure:4617: ifort -qversion >&5
ifort: command line warning #10006: ignoring unknown option '-qversion'
ifort: command line error: no files specified; for help type "ifort -help"
configure:4628: $? = 1
configure:4637: checking whether we are using the GNU Fortran compiler
configure:4650: ifort -c   conftest.F >&5
conftest.F(3): error #5082: Syntax error, found END-OF-STATEMENT when expecting one of: ( : % [ . = =>
       choke me
---------------^
conftest.F(3): error #6218: This statement is positioned incorrectly and/or has syntax errors.
       choke me
-------^
compilation aborted for conftest.F (code 1)
configure:4650: $? = 1
configure: failed program was:
|       program main
| #ifndef __GNUC__
|        choke me
| #endif
| 
|       end
configure:4659: result: no
configure:4665: checking whether ifort accepts -g
configure:4676: ifort -c -g  conftest.f >&5
configure:4676: $? = 0
configure:4684: result: yes
configure:4713: checking whether ln -s works
configure:4717: result: yes
configure:4752: checking for mpiifort
configure:4768: found /opt/intel/oneapi/mpi/2021.2.0/bin/mpiifort
configure:4779: result: mpiifort
configure:4797: checking for MPI_Init
configure:4804: mpiifort -o conftest -g   conftest.f  >&5
configure:4804: $? = 0
configure:4806: result: yes
configure:4935: checking for mpif.h
configure:4942: mpiifort -c -g  conftest.f >&5
configure:4942: $? = 0
configure:4943: result: yes
configure:4982: checking for mpiifort
configure:5009: result: mpiifort
configure:5165: checking for mpif.h
configure:5172: mpiifort -c -g  conftest.f >&5
configure:5172: $? = 0
configure:5173: result: yes
configure:5320: Using MKL installed at /opt/intel/oneapi/mkl/2021.2.0
configure:5325: checking whether -qmkl=parallel works (only works for Intel compilers) is available
configure:5334: ifort -o conftest -g   conftest.f  -qmkl=parallel >&5
ifort: command line warning #10006: ignoring unknown option '-qmkl=parallel'
/tmp/ifortdKyjEr.o: In function `MAIN__':
/data6/kasa/wrk/bcd-bfe/package_dev/ermod-1.0.4_anatra/eror-bfe/packages/eror/conftest.f:2: undefined reference to `sgemm_'
configure:5334: $? = 1
configure: failed program was:
|       program main
|       call sgemm
|       end
configure:5342: result: no
configure:5351: checking whether -mkl=parallel works (only works for old Intel compilers) is available
configure:5360: ifort -o conftest -g   conftest.f  -mkl=parallel >&5
configure:5360: $? = 0
configure:5368: result: yes
configure:5495: checking for sgemm in -mkl=parallel
configure:5502: ifort -o conftest -mkl=parallel -g -mkl=parallel   conftest.f -mkl=parallel  >&5
configure:5502: $? = 0
configure:5509: result: yes
configure:6111: checking for cheev
configure:6111: ifort -o conftest -mkl=parallel -g -mkl=parallel   conftest.f  -mkl=parallel  >&5
configure:6111: $? = 0
configure:6111: result: yes
configure:6188: checking how to read real as real(8) as default
configure:6213: ifort -c -mkl=parallel -g   conftest.f >&5
conftest.f(5): error #6366: The shapes of the array expressions do not conform.   [X]
      integer, parameter :: x(len) = (/ 1, 2, 3, 4, 5, 6, 7, 8 /)
----------------------------^
compilation aborted for conftest.f (code 1)
configure:6213: $? = 1
configure: failed program was:
|       program main
|       implicit none
|       real :: a
|       integer, parameter :: len = kind(a)
|       integer, parameter :: x(len) = (/ 1, 2, 3, 4, 5, 6, 7, 8 /)
|       print *, "Success"
| 
|       end
configure:6213: ifort -c -mkl=parallel -g -fdefault-real-8 -fdefault-double-8  conftest.f >&5
ifort: command line warning #10006: ignoring unknown option '-fdefault-real-8'
ifort: command line warning #10006: ignoring unknown option '-fdefault-double-8'
conftest.f(5): error #6366: The shapes of the array expressions do not conform.   [X]
      integer, parameter :: x(len) = (/ 1, 2, 3, 4, 5, 6, 7, 8 /)
----------------------------^
compilation aborted for conftest.f (code 1)
configure:6213: $? = 1
configure: failed program was:
|       program main
|       implicit none
|       real :: a
|       integer, parameter :: len = kind(a)
|       integer, parameter :: x(len) = (/ 1, 2, 3, 4, 5, 6, 7, 8 /)
|       print *, "Success"
| 
|       end
configure:6213: ifort -c -mkl=parallel -g -fdefault-real-8  conftest.f >&5
ifort: command line warning #10006: ignoring unknown option '-fdefault-real-8'
conftest.f(5): error #6366: The shapes of the array expressions do not conform.   [X]
      integer, parameter :: x(len) = (/ 1, 2, 3, 4, 5, 6, 7, 8 /)
----------------------------^
compilation aborted for conftest.f (code 1)
configure:6213: $? = 1
configure: failed program was:
|       program main
|       implicit none
|       real :: a
|       integer, parameter :: len = kind(a)
|       integer, parameter :: x(len) = (/ 1, 2, 3, 4, 5, 6, 7, 8 /)
|       print *, "Success"
| 
|       end
configure:6213: ifort -c -mkl=parallel -g -autodouble  conftest.f >&5
configure:6213: $? = 0
configure:6239: result: 
configure:6251: checking whether Fortran compiler supports transfer()
configure:6264: ifort -o conftest -mkl=parallel -g -autodouble -DDP -mkl=parallel   conftest.f  >&5
configure:6264: $? = 0
configure:6272: result: yes
configure:6296: checking whether Fortran compiler supports flush()
configure:6309: ifort -o conftest -mkl=parallel -g -autodouble -DDP -mkl=parallel   conftest.f  >&5
configure:6309: $? = 0
configure:6317: result: yes
configure:6341: checking for Fortran flag to compile .f90 files
configure:6361: ifort -c -mkl=parallel -g -autodouble -DDP  conftest.f90 >&5
configure:6361: $? = 0
configure:6370: result: none
configure:6405: checking for dfftw_execute in -lfftw3
configure:6417: ifort -o conftest -mkl=parallel -g -autodouble -DDP -mkl=parallel   conftest.f90 -lfftw3 -lm  >&5
ld: cannot find -lfftw3
configure:6417: $? = 1
configure: failed program was:
|       program main
|       call dfftw_execute
|       end
configure:6426: result: no
configure:6526: checking for Fortran flag to compile .F90 files
configure:6546: ifort -c -mkl=parallel -g -autodouble -DDP  conftest.F90 >&5
configure:6546: $? = 0
configure:6555: result: none
configure:6576: checking mkl_dfti.f90 is accessible
configure:6583: ifort -c -mkl=parallel -g -autodouble -DDP  conftest.F90 >&5
configure:6583: $? = 0
configure:6597: checking for Fortran flag to compile .f90 files
configure:6626: result: none
configure:6719: checking whether MPI- and non-MPI compilers have equivalent backends (non-MPI)
configure:6725: ifort -c -DMPI -mkl=parallel -g -autodouble -DDP  conftest.f90 >&5
configure:6725: $? = 0
configure:6731: result: yes
configure:6744: checking whether MPI- and non-MPI compilers have equivalent backends (MPI)
configure:6750: mpiifort -c -DMPI -mkl=parallel -g -autodouble -DDP  conftest.f90 >&5
configure:6750: $? = 0
configure:6756: result: yes
configure:7009: checking that generated files are newer than configure
configure:7015: result: done
configure:7066: creating ./config.status

## ---------------------- ##
## Running config.status. ##
## ---------------------- ##

This file was extended by ermod config.status 1.0.4, which was
generated by GNU Autoconf 2.69.  Invocation command line was

  CONFIG_FILES    = 
  CONFIG_HEADERS  = 
  CONFIG_LINKS    = 
  CONFIG_COMMANDS = 
  $ ./config.status 

on avalon

config.status:868: creating Makefile
config.status:868: creating config.h
config.status:1049: config.h is unchanged
config.status:1097: executing depfiles commands
config.status:1174: cd .       && sed -e '/# am--include-marker/d' Makefile         | make -f - am--depfiles
make: Nothing to be done for 'am--depfiles'.
config.status:1179: $? = 0
configure:8411: result: LAPACK:  -mkl=parallel
FFT: mkl
MPI: enabled
OpenMP: no
FC(for erdst)=mpiifort
FC_CANONICAL(for slvfe)=ifort
FCFLAGS=-DMPI -mkl=parallel -g -autodouble -DDP -O3 -no-prec-div -xHost
LDFLAGS=-mkl=parallel 
LIBS=

Configuration complete; type "make" to start compiling

## ---------------- ##
## Cache variables. ##
## ---------------- ##

ac_cv_c_compiler_gnu=yes
ac_cv_env_CC_set=
ac_cv_env_CC_value=
ac_cv_env_CFLAGS_set=
ac_cv_env_CFLAGS_value=
ac_cv_env_CPPFLAGS_set=
ac_cv_env_CPPFLAGS_value=
ac_cv_env_CPP_set=
ac_cv_env_CPP_value=
ac_cv_env_FCFLAGS_set=
ac_cv_env_FCFLAGS_value=
ac_cv_env_FC_set=
ac_cv_env_FC_value=
ac_cv_env_LDFLAGS_set=
ac_cv_env_LDFLAGS_value=
ac_cv_env_LIBS_set=
ac_cv_env_LIBS_value=
ac_cv_env_MPIFC_set=
ac_cv_env_MPIFC_value=
ac_cv_env_build_alias_set=
ac_cv_env_build_alias_value=
ac_cv_env_host_alias_set=
ac_cv_env_host_alias_value=
ac_cv_env_target_alias_set=
ac_cv_env_target_alias_value=
ac_cv_fc_compiler_gnu=no
ac_cv_fc_srcext_F90=none
ac_cv_fc_srcext_f90=none
ac_cv_func_cheev=yes
ac_cv_lib_fftw3_dfftw_execute=no
ac_cv_objext=o
ac_cv_path_install='/usr/bin/install -c'
ac_cv_path_mkdir=/usr/bin/mkdir
ac_cv_prog_AWK=gawk
ac_cv_prog_CPP='gcc -E'
ac_cv_prog_HAS_MPIIFX=no
ac_cv_prog_MPIFC=mpiifort
ac_cv_prog_ac_ct_CC=gcc
ac_cv_prog_ac_ct_FC=ifort
ac_cv_prog_cc_c89=
ac_cv_prog_cc_g=yes
ac_cv_prog_cc_gcc_c_o=yes
ac_cv_prog_fc_g=yes
ac_cv_prog_make_make_set=yes
am_cv_CC_dependencies_compiler_type=gcc3
am_cv_make_support_nested_variables=yes
am_cv_prog_cc_c_o=yes

## ----------------- ##
## Output variables. ##
## ----------------- ##

ACLOCAL='${SHELL} /home/kasa/data6/wrk/bcd-bfe/package_dev/ermod-1.0.4_anatra/eror-bfe/packages/eror/missing aclocal-1.16'
AMDEPBACKSLASH='\'
AMDEP_FALSE='#'
AMDEP_TRUE=''
AMTAR='$${TAR-tar}'
AM_BACKSLASH='\'
AM_DEFAULT_V='$(AM_DEFAULT_VERBOSITY)'
AM_DEFAULT_VERBOSITY='1'
AM_V='$(V)'
AUTOCONF='${SHELL} /home/kasa/data6/wrk/bcd-bfe/package_dev/ermod-1.0.4_anatra/eror-bfe/packages/eror/missing autoconf'
AUTOHEADER='${SHELL} /home/kasa/data6/wrk/bcd-bfe/package_dev/ermod-1.0.4_anatra/eror-bfe/packages/eror/missing autoheader'
AUTOMAKE='${SHELL} /home/kasa/data6/wrk/bcd-bfe/package_dev/ermod-1.0.4_anatra/eror-bfe/packages/eror/missing automake-1.16'
AWK='gawk'
BLAS_LIBS='-mkl=parallel'
CC='gcc'
CCDEPMODE='depmode=gcc3'
CFLAGS='-g -O2'
CPP='gcc -E'
CPPFLAGS=''
CYGPATH_W='echo'
DEFS='-DHAVE_CONFIG_H'
DEPDIR='.deps'
ECHO_C=''
ECHO_N='-n'
ECHO_T=''
EXEEXT=''
FC='mpiifort'
FCFLAGS='-DMPI -mkl=parallel -g -autodouble -DDP -O3 -no-prec-div -xHost'
FCFLAGS_F90=''
FCFLAGS_f90=''
FC_CANONICAL='ifort'
FFTWLIBS=''
HAS_MPIIFX='no'
INSTALL_DATA='${INSTALL} -m 644'
INSTALL_PROGRAM='${INSTALL}'
INSTALL_SCRIPT='${INSTALL}'
INSTALL_STRIP_PROGRAM='$(install_sh) -c -s'
LAPACK_LIBS=''
LDFLAGS='-mkl=parallel '
LIBOBJS=''
LIBS=''
LN_S='ln -s'
LTLIBOBJS=''
MAKEINFO='${SHELL} /home/kasa/data6/wrk/bcd-bfe/package_dev/ermod-1.0.4_anatra/eror-bfe/packages/eror/missing makeinfo'
MKDIR_P='/usr/bin/mkdir -p'
MPIFC='mpiifort'
MPILIBS=' '
OBJEXT='o'
OPENMP_FCFLAGS=''
PACKAGE='ermod'
PACKAGE_BUGREPORT='Matubayasi Laboratory'
PACKAGE_NAME='ermod'
PACKAGE_STRING='ermod 1.0.4'
PACKAGE_TARNAME='ermod'
PACKAGE_URL=''
PACKAGE_VERSION='1.0.4'
PATH_SEPARATOR=':'
SET_MAKE=''
SHELL='/bin/sh'
STRIP=''
USE_FFTW_FALSE=''
USE_FFTW_TRUE='#'
USE_FLUSH_FALSE='#'
USE_FLUSH_TRUE=''
USE_MKL_FALSE='#'
USE_MKL_TRUE=''
USE_MPI_FALSE='#'
USE_MPI_TRUE=''
USE_TRANSFER_FALSE='#'
USE_TRANSFER_TRUE=''
USE_VMDPLUGIN_FALSE='#'
USE_VMDPLUGIN_TRUE=''
VERSION='1.0.4'
ac_ct_CC='gcc'
ac_ct_FC='ifort'
am__EXEEXT_FALSE=''
am__EXEEXT_TRUE='#'
am__fastdepCC_FALSE='#'
am__fastdepCC_TRUE=''
am__include='include'
am__isrc=''
am__leading_dot='.'
am__nodep='_no'
am__quote=''
am__tar='$${TAR-tar} chof - "$$tardir"'
am__untar='$${TAR-tar} xf -'
bindir='${exec_prefix}/bin'
build_alias=''
datadir='${datarootdir}'
datarootdir='${prefix}/share'
docdir='${datarootdir}/doc/${PACKAGE_TARNAME}'
dvidir='${docdir}'
exec_prefix='${prefix}'
host_alias=''
htmldir='${docdir}'
includedir='${prefix}/include'
infodir='${datarootdir}/info'
install_sh='${SHELL} /home/kasa/data6/wrk/bcd-bfe/package_dev/ermod-1.0.4_anatra/eror-bfe/packages/eror/install-sh'
libdir='${exec_prefix}/lib'
libexecdir='${exec_prefix}/libexec'
localedir='${datarootdir}/locale'
localstatedir='${prefix}/var'
mandir='${datarootdir}/man'
mkdir_p='$(MKDIR_P)'
oldincludedir='/usr/include'
pdfdir='${docdir}'
prefix='/home/kasa/data6/wrk/bcd-bfe/package_dev/ermod-1.0.4_anatra/eror-bfe/packages/eror/intel'
program_transform_name='s,x,x,'
psdir='${docdir}'
sbindir='${exec_prefix}/sbin'
sharedstatedir='${prefix}/com'
sysconfdir='${prefix}/etc'
target_alias=''

## ----------- ##
## confdefs.h. ##
## ----------- ##

/* confdefs.h */
#define PACKAGE_NAME "ermod"
#define PACKAGE_TARNAME "ermod"
#define PACKAGE_VERSION "1.0.4"
#define PACKAGE_STRING "ermod 1.0.4"
#define PACKAGE_BUGREPORT "Matubayasi Laboratory"
#define PACKAGE_URL ""
#define PACKAGE "ermod"
#define VERSION "1.0.4"
#define HAVE_MPI 1
#define HAVE_BLAS 1

configure: exit 0
